
Red team agents/DotGobblers/analysis/ResearchTeams/defensive_team.py with {}:
Loading agent team: /Users/eliseygretchko/Repositories/unif/capture-the-flag/agents/DotGobblers/analysis/ResearchTeams/defensive_team.py
	Arguments: {}

Blue team /Users/eliseygretchko/Repositories/unif/capture-the-flag/baseline_team with {}:
Loading agent team: /Users/eliseygretchko/Repositories/unif/capture-the-flag/baseline_team.py
	Arguments: {}
1
2
1
1
1
1
0
1
3
2
1
3
0
1
0
1
0
0
2
0
0
1
2
1
3
1
2
1
1
1
1
2
1
2
1
1
0
2
0
1
2
1
3
1
1
1
2
1
0
2
0
0
0
1
3
1
3
1
0
1
1
2
1
2
1
1
3
2
1
2
{'display': <text_display.NullGraphics object at 0x105b2b620>, 'red_team_name': 'RedDefensive', 'blue_team_name': 'BlueBalanced', 'agents': [<defensive_team.DefensiveReflexAgent object at 0x105b2be00>, <baseline_team.OffensiveReflexAgent object at 0x105be82f0>, <defensive_team.DefensiveReflexAgent object at 0x105bb4550>, <baseline_team.DefensiveReflexAgent object at 0x105be8440>], 'layouts': [<layout.Layout object at 0x105be86e0>, <layout.Layout object at 0x105bb5a90>, <layout.Layout object at 0x105bb6210>, <layout.Layout object at 0x105b43490>, <layout.Layout object at 0x105b435c0>, <layout.Layout object at 0x105b71370>, <layout.Layout object at 0x105bc9590>, <layout.Layout object at 0x105bc97b0>, <layout.Layout object at 0x105b75850>, <layout.Layout object at 0x105b76450>, <layout.Layout object at 0x105b574d0>, <layout.Layout object at 0x105b575c0>, <layout.Layout object at 0x105b52430>, <layout.Layout object at 0x105b52270>, <layout.Layout object at 0x105b46c30>, <layout.Layout object at 0x105cf2510>, <layout.Layout object at 0x105d059d0>, <layout.Layout object at 0x105be55a0>, <layout.Layout object at 0x105be5650>, <layout.Layout object at 0x105be5700>, <layout.Layout object at 0x105be57b0>, <layout.Layout object at 0x105be5860>, <layout.Layout object at 0x105be5910>, <layout.Layout object at 0x105bae150>, <layout.Layout object at 0x105bce2b0>, <layout.Layout object at 0x105be59c0>, <layout.Layout object at 0x105be5a70>, <layout.Layout object at 0x105be5b20>, <layout.Layout object at 0x105be5bd0>, <layout.Layout object at 0x105be5c80>, <layout.Layout object at 0x105be5d30>, <layout.Layout object at 0x105be5de0>, <layout.Layout object at 0x105be5e90>, <layout.Layout object at 0x105be5f40>, <layout.Layout object at 0x105be5ff0>, <layout.Layout object at 0x105be60a0>, <layout.Layout object at 0x105be6150>, <layout.Layout object at 0x105be6200>, <layout.Layout object at 0x105be62b0>, <layout.Layout object at 0x105be6360>, <layout.Layout object at 0x105be6410>, <layout.Layout object at 0x105be64c0>, <layout.Layout object at 0x105be6570>, <layout.Layout object at 0x105be6620>, <layout.Layout object at 0x105be66d0>, <layout.Layout object at 0x105be6780>, <layout.Layout object at 0x105be6830>, <layout.Layout object at 0x105be68e0>, <layout.Layout object at 0x105be6990>, <layout.Layout object at 0x105be6a40>, <layout.Layout object at 0x105be6af0>, <layout.Layout object at 0x105be6ba0>, <layout.Layout object at 0x105be6c50>, <layout.Layout object at 0x105be6d00>, <layout.Layout object at 0x105be6db0>, <layout.Layout object at 0x105be6e60>, <layout.Layout object at 0x105be6f10>, <layout.Layout object at 0x105be6fc0>, <layout.Layout object at 0x105be7070>, <layout.Layout object at 0x105be7120>, <layout.Layout object at 0x105be71d0>, <layout.Layout object at 0x105be7280>, <layout.Layout object at 0x105be7330>, <layout.Layout object at 0x105be73e0>, <layout.Layout object at 0x105be7490>, <layout.Layout object at 0x105be7540>, <layout.Layout object at 0x105be75f0>, <layout.Layout object at 0x105be76a0>, <layout.Layout object at 0x105be7750>, <layout.Layout object at 0x105be7800>], 'length': 1200, 'num_games': 70, 'num_training': 0, 'record': True, 'catch_exceptions': True, 'delay_step': 0.0, 'match_id': 0, 'contest_name': 'balancedVSdefensive'}
Blue team starts
Time is up.
Tie game!
recorded
Red team starts
Time is up.
Tie game!
recorded
Red team starts
Time is up.
Tie game!
recorded
Red team starts
Time is up.
Tie game!
recorded
Blue team starts
Time is up.
The Blue team wins by 1 points.
recorded
Red team starts
Time is up.
Tie game!
recorded
Blue team starts
Time is up.
Tie game!
recorded
Blue team starts
Time is up.
Tie game!
recorded
Red team starts
Time is up.
Tie game!
recorded
Red team starts
Time is up.
Tie game!
recorded
Blue team starts
Time is up.
Tie game!
recorded
Red team starts
Time is up.
Tie game!
recorded
Blue team starts
Time is up.
Tie game!
recorded
Blue team starts
Time is up.
Tie game!
recorded
Red team starts
Time is up.
Tie game!
recorded
Red team starts
Time is up.
Tie game!
recorded
Red team starts
Time is up.
Tie game!
recorded
Red team starts
Time is up.
Tie game!
recorded
Red team starts
Time is up.
Tie game!
recorded
Blue team starts
Time is up.
Tie game!
recorded
Red team starts
Time is up.
Tie game!
recorded
Blue team starts
Time is up.
Tie game!
recorded
Blue team starts
Time is up.
Tie game!
recorded
Blue team starts
Time is up.
Tie game!
recorded
Blue team starts
Time is up.
Tie game!
recorded
Red team starts
Time is up.
Tie game!
recorded
Blue team starts
Time is up.
Tie game!
recorded
Red team starts
Time is up.
Tie game!
recorded
Red team starts
Time is up.
Tie game!
recorded
Blue team starts
Time is up.
Tie game!
recorded
Blue team starts
Time is up.
Tie game!
recorded
Red team starts
Time is up.
Tie game!
recorded
Red team starts
Time is up.
Tie game!
recorded
Red team starts
Time is up.
Tie game!
recorded
Blue team starts
Time is up.
Tie game!
recorded
Blue team starts
Time is up.
Tie game!
recorded
Blue team starts
Time is up.
Tie game!
recorded
Red team starts
Time is up.
Tie game!
recorded
Blue team starts
Time is up.
Tie game!
recorded
Red team starts
Time is up.
Tie game!
recorded
Blue team starts
Time is up.
Tie game!
recorded
Red team starts
Time is up.
Tie game!
recorded
Blue team starts
Time is up.
Tie game!
recorded
Red team starts
Time is up.
Tie game!
recorded
Red team starts
Time is up.
Tie game!
recorded
Red team starts
Time is up.
Tie game!
recorded
Red team starts
Time is up.
Tie game!
recorded
Red team starts
Time is up.
Tie game!
recorded
Red team starts
Time is up.
Tie game!
recorded
Blue team starts
Time is up.
Tie game!
recorded
Blue team starts
Time is up.
Tie game!
recorded
Blue team starts
Time is up.
The Blue team wins by 3 points.
recorded
Red team starts
Time is up.
Tie game!
recorded
Red team starts
Time is up.
Tie game!
recorded
Blue team starts
Time is up.
Tie game!
recorded
Blue team starts
Time is up.
Tie game!
recorded
Blue team starts
The Blue team has returned at least 28.0 of the opponents' dots.
recorded
Red team starts
Time is up.
Tie game!
recorded
Blue team starts
Time is up.
Tie game!
recorded
Red team starts
Time is up.
Tie game!
recorded
Blue team starts
Time is up.
Tie game!
recorded
Blue team starts
The Blue team has returned at least 28.0 of the opponents' dots.
recorded
Red team starts
Time is up.
Tie game!
recorded
Red team starts
Time is up.
The Blue team wins by 19 points.
recorded
Blue team starts
Time is up.
Tie game!
recorded
Red team starts
Time is up.
Tie game!
recorded
Red team starts
Time is up.
Tie game!
recorded
Blue team starts
Time is up.
Tie game!
recorded
Red team starts
Time is up.
Tie game!
recorded
Red team starts
The Blue team has returned at least 28.0 of the opponents' dots.
recorded
Average Score: -1.542857142857143
Scores:        0, 0, 0, 0, -1, 0, 0, 0, 0, 0, 0, 0, 0, 0, 0, 0, 0, 0, 0, 0, 0, 0, 0, 0, 0, 0, 0, 0, 0, 0, 0, 0, 0, 0, 0, 0, 0, 0, 0, 0, 0, 0, 0, 0, 0, 0, 0, 0, 0, 0, 0, -3, 0, 0, 0, 0, -28, 0, 0, 0, 0, -28, 0, -19, 0, 0, 0, 0, 0, -29
Red Win Rate:  0/70 (0.00)
Blue Win Rate: 6/70 (0.09)
Record:        Tie, Tie, Tie, Tie, Blue, Tie, Tie, Tie, Tie, Tie, Tie, Tie, Tie, Tie, Tie, Tie, Tie, Tie, Tie, Tie, Tie, Tie, Tie, Tie, Tie, Tie, Tie, Tie, Tie, Tie, Tie, Tie, Tie, Tie, Tie, Tie, Tie, Tie, Tie, Tie, Tie, Tie, Tie, Tie, Tie, Tie, Tie, Tie, Tie, Tie, Tie, Blue, Tie, Tie, Tie, Tie, Blue, Tie, Tie, Tie, Tie, Blue, Tie, Blue, Tie, Tie, Tie, Tie, Tie, Blue

Total Time Game: 45.0
