
Red team agents/DotGobblers/analysis/ResearchTeams/MinimaxV2.py with {}:
Loading agent team: /Users/eliseygretchko/Repositories/unif/capture-the-flag/agents/DotGobblers/analysis/ResearchTeams/MinimaxV2.py
	Arguments: {}

Blue team agents/DotGobblers/analysis/ResearchTeams/NewOffensive_OldDefensive.py with {}:
Loading agent team: /Users/eliseygretchko/Repositories/unif/capture-the-flag/agents/DotGobblers/analysis/ResearchTeams/NewOffensive_OldDefensive.py
	Arguments: {}
1
3
1
3
1
3
1
1
1
1
3
1
3
2
1
1
1
0
1
1
1
0
1
1
1
1
0
1
3
0
1
3
1
1
2
1
0
1
2
0
1
1
1
1
1
0
1
0
0
3
0
1
1
1
1
3
2
1
1
2
3
1
1
1
1
1
1
1
0
3
{'display': <text_display.NullGraphics object at 0x103167620>, 'red_team_name': 'MinimaxV2', 'blue_team_name': 'NewOffensvie_OldDefensive', 'agents': [<MinimaxV2.MinimaxOffensiveAgent object at 0x103214440>, <NewOffensive_OldDefensive.OffensiveReflexAgent object at 0x103214c20>, <MinimaxV2.DefensiveReflexAgent object at 0x103214590>, <NewOffensive_OldDefensive.DefensiveReflexAgent object at 0x103214d70>], 'layouts': [<layout.Layout object at 0x103215010>, <layout.Layout object at 0x1031f1e50>, <layout.Layout object at 0x1031f25d0>, <layout.Layout object at 0x10317f6f0>, <layout.Layout object at 0x10317f360>, <layout.Layout object at 0x1031ad490>, <layout.Layout object at 0x103205e10>, <layout.Layout object at 0x103206030>, <layout.Layout object at 0x1031b2850>, <layout.Layout object at 0x1031b2b50>, <layout.Layout object at 0x103193890>, <layout.Layout object at 0x103193980>, <layout.Layout object at 0x10318e350>, <layout.Layout object at 0x10318e510>, <layout.Layout object at 0x103182ea0>, <layout.Layout object at 0x1033365d0>, <layout.Layout object at 0x103341a90>, <layout.Layout object at 0x10321b5f0>, <layout.Layout object at 0x10321b6a0>, <layout.Layout object at 0x10321b750>, <layout.Layout object at 0x10321b800>, <layout.Layout object at 0x10321b8b0>, <layout.Layout object at 0x10321b960>, <layout.Layout object at 0x103219bd0>, <layout.Layout object at 0x103219230>, <layout.Layout object at 0x10321ba10>, <layout.Layout object at 0x10321bac0>, <layout.Layout object at 0x10321bb70>, <layout.Layout object at 0x10321bc20>, <layout.Layout object at 0x10321bcd0>, <layout.Layout object at 0x10321bd80>, <layout.Layout object at 0x10321be30>, <layout.Layout object at 0x10321bee0>, <layout.Layout object at 0x10327c050>, <layout.Layout object at 0x10327c100>, <layout.Layout object at 0x10327c1b0>, <layout.Layout object at 0x10327c260>, <layout.Layout object at 0x10327c310>, <layout.Layout object at 0x10327c3c0>, <layout.Layout object at 0x10327c470>, <layout.Layout object at 0x10327c520>, <layout.Layout object at 0x10327c5d0>, <layout.Layout object at 0x10327c680>, <layout.Layout object at 0x10327c730>, <layout.Layout object at 0x10327c7e0>, <layout.Layout object at 0x10327c890>, <layout.Layout object at 0x10327c940>, <layout.Layout object at 0x10327c9f0>, <layout.Layout object at 0x10327caa0>, <layout.Layout object at 0x10327cb50>, <layout.Layout object at 0x10327cc00>, <layout.Layout object at 0x10327ccb0>, <layout.Layout object at 0x10327cd60>, <layout.Layout object at 0x10327ce10>, <layout.Layout object at 0x10327cec0>, <layout.Layout object at 0x10327cf70>, <layout.Layout object at 0x10327d020>, <layout.Layout object at 0x10327d0d0>, <layout.Layout object at 0x10327d180>, <layout.Layout object at 0x10327d230>, <layout.Layout object at 0x10327d2e0>, <layout.Layout object at 0x10327d390>, <layout.Layout object at 0x10327d440>, <layout.Layout object at 0x10327d4f0>, <layout.Layout object at 0x10327d5a0>, <layout.Layout object at 0x10327d650>, <layout.Layout object at 0x10327d700>, <layout.Layout object at 0x10327d7b0>, <layout.Layout object at 0x10327d860>, <layout.Layout object at 0x10327d910>], 'length': 1200, 'num_games': 70, 'num_training': 0, 'record': True, 'catch_exceptions': True, 'delay_step': 0.0, 'match_id': 0, 'contest_name': 'NewOffensive_OldDefensive-vs-MinimaxV2'}
Red team starts
Time is up.
The Red team wins by 19 points.
recorded
Red team starts
Time is up.
The Blue team wins by 1 points.
recorded
Blue team starts
Time is up.
The Blue team wins by 16 points.
recorded
Red team starts
Time is up.
The Red team wins by 15 points.
recorded
Red team starts
Time is up.
The Red team wins by 16 points.
recorded
Blue team starts
Time is up.
The Red team wins by 13 points.
recorded
Blue team starts
Time is up.
The Red team wins by 21 points.
recorded
Red team starts
Time is up.
The Blue team wins by 1 points.
recorded
Blue team starts
Time is up.
The Blue team wins by 3 points.
recorded
Red team starts
Time is up.
Tie game!
recorded
Red team starts
Time is up.
The Blue team wins by 7 points.
recorded
Blue team starts
Time is up.
The Blue team wins by 12 points.
recorded
Red team starts
The Red team has returned at least 28.0 of the opponents' dots.
recorded
Red team starts
Time is up.
The Red team wins by 13 points.
recorded
Blue team starts
Time is up.
The Blue team wins by 1 points.
recorded
Red team starts
Time is up.
The Red team wins by 13 points.
recorded
Red team starts
Time is up.
The Blue team wins by 7 points.
recorded
Red team starts
Time is up.
The Red team wins by 13 points.
recorded
Blue team starts
Time is up.
The Red team wins by 10 points.
recorded
Red team starts
Time is up.
The Red team wins by 19 points.
recorded
Blue team starts
Time is up.
The Red team wins by 5 points.
recorded
Blue team starts
Time is up.
The Blue team wins by 5 points.
recorded
Red team starts
Time is up.
The Red team wins by 20 points.
recorded
Red team starts
Agent 0 took too long to make a move! This is warning 1
Agent 0 took too long to make a move! This is warning 2
Agent 0 took too long to make a move! This is warning 3
Agent 0 exceeded the maximum number of warnings: 3
Red agent crashed
recorded
Red team starts
Time is up.
The Red team wins by 12 points.
recorded
Red team starts
Time is up.
The Red team wins by 7 points.
recorded
Red team starts
Time is up.
The Blue team wins by 1 points.
recorded
Blue team starts
Time is up.
The Blue team wins by 1 points.
recorded
Blue team starts
Time is up.
The Blue team wins by 2 points.
recorded
Red team starts
Time is up.
The Red team wins by 12 points.
recorded
Blue team starts
Time is up.
The Blue team wins by 7 points.
recorded
Red team starts
Time is up.
The Blue team wins by 3 points.
recorded
Red team starts
Time is up.
The Red team wins by 10 points.
recorded
Blue team starts
Time is up.
The Red team wins by 13 points.
recorded
Blue team starts
Time is up.
The Red team wins by 4 points.
recorded
Red team starts
Time is up.
The Red team wins by 6 points.
recorded
Blue team starts
Agent 0 took too long to make a move! This is warning 1
Time is up.
The Blue team wins by 7 points.
recorded
Blue team starts
Time is up.
The Blue team wins by 3 points.
recorded
Blue team starts
Time is up.
The Blue team wins by 12 points.
recorded
Blue team starts
Time is up.
The Red team wins by 16 points.
recorded
Red team starts
Agent 0 took too long to make a move! This is warning 1
Time is up.
The Blue team wins by 5 points.
recorded
Blue team starts
Time is up.
The Blue team wins by 10 points.
recorded
Blue team starts
Agent 0 took too long to make a move! This is warning 1
Agent 0 took too long to make a move! This is warning 2
Agent 0 took too long to make a move! This is warning 3
Agent 0 exceeded the maximum number of warnings: 3
Red agent crashed
recorded
Blue team starts
Time is up.
The Blue team wins by 1 points.
recorded
Blue team starts
Time is up.
The Red team wins by 3 points.
recorded
Red team starts
Agent 0 took too long to make a move! This is warning 1
Time is up.
The Red team wins by 2 points.
recorded
Red team starts
Time is up.
The Blue team wins by 6 points.
recorded
Red team starts
Agent 0 took too long to make a move! This is warning 1
Agent 0 took too long to make a move! This is warning 2
Agent 0 took too long to make a move! This is warning 3
Agent 0 exceeded the maximum number of warnings: 3
Red agent crashed
recorded
Blue team starts
Time is up.
The Red team wins by 6 points.
recorded
Red team starts
Time is up.
The Blue team wins by 10 points.
recorded
Blue team starts
Time is up.
The Red team wins by 21 points.
recorded
Blue team starts
Time is up.
The Red team wins by 8 points.
recorded
Red team starts
Time is up.
The Red team wins by 15 points.
recorded
Blue team starts
Time is up.
The Blue team wins by 2 points.
recorded
Red team starts
Time is up.
The Red team wins by 6 points.
recorded
Blue team starts
Time is up.
Tie game!
recorded
Blue team starts
Time is up.
The Red team wins by 19 points.
recorded
Red team starts
Time is up.
The Blue team wins by 19 points.
recorded
Red team starts
Time is up.
The Red team wins by 10 points.
recorded
Blue team starts
Time is up.
Tie game!
recorded
Blue team starts
Time is up.
The Blue team wins by 12 points.
recorded
Red team starts
Time is up.
The Red team wins by 8 points.
recorded
Red team starts
Time is up.
The Blue team wins by 17 points.
recorded
Blue team starts
Time is up.
The Red team wins by 16 points.
recorded
Blue team starts
Time is up.
The Red team wins by 8 points.
recorded
Red team starts
Time is up.
The Blue team wins by 1 points.
recorded
Blue team starts
Time is up.
The Blue team wins by 2 points.
recorded
Blue team starts
Time is up.
The Blue team wins by 16 points.
recorded
Blue team starts
Time is up.
Tie game!
recorded
Blue team starts
Time is up.
The Red team wins by 6 points.
recorded
Average Score: 3.142857142857143
Scores:        19, -1, -16, 15, 16, 13, 21, -1, -3, 0, -7, -12, 28, 13, -1, 13, -7, 13, 10, 19, 5, -5, 20, -1, 12, 7, -1, -1, -2, 12, -7, -3, 10, 13, 4, 6, -7, -3, -12, 16, -5, -10, -1, -1, 3, 2, -6, -1, 6, -10, 21, 8, 15, -2, 6, 0, 19, -19, 10, 0, -12, 8, -17, 16, 8, -1, -2, -16, 0, 6
Red Win Rate:  34/70 (0.49)
Blue Win Rate: 32/70 (0.46)
Record:        Red, Blue, Blue, Red, Red, Red, Red, Blue, Blue, Tie, Blue, Blue, Red, Red, Blue, Red, Blue, Red, Red, Red, Red, Blue, Red, Blue, Red, Red, Blue, Blue, Blue, Red, Blue, Blue, Red, Red, Red, Red, Blue, Blue, Blue, Red, Blue, Blue, Blue, Blue, Red, Red, Blue, Blue, Red, Blue, Red, Red, Red, Blue, Red, Tie, Red, Blue, Red, Tie, Blue, Red, Blue, Red, Red, Blue, Blue, Blue, Tie, Red

Total Time Game: 912.0
