
Red team agents/DotGobblers/analysis/ResearchTeams/MinimaxV2.py with {}:
Loading agent team: /Users/eliseygretchko/Repositories/unif/capture-the-flag/agents/DotGobblers/analysis/ResearchTeams/MinimaxV2.py
	Arguments: {}

Blue team agents/DotGobblers/analysis/ResearchTeams/Minimax_NewDefensive.py with {}:
Loading agent team: /Users/eliseygretchko/Repositories/unif/capture-the-flag/agents/DotGobblers/analysis/ResearchTeams/Minimax_NewDefensive.py
	Arguments: {}
0
1
2
1
1
1
1
3
1
1
1
1
1
1
0
1
1
3
1
1
2
1
1
1
0
1
1
1
2
1
1
0
1
1
1
0
1
3
1
2
1
1
1
0
1
2
1
1
1
2
0
2
2
1
2
1
1
2
2
1
0
1
1
1
1
2
1
0
1
0
{'display': <text_display.NullGraphics object at 0x1011a3620>, 'red_team_name': 'MinimaxV2', 'blue_team_name': 'Minimax_NewDefensive', 'agents': [<MinimaxV2.MinimaxOffensiveAgent object at 0x101250440>, <Minimax_NewDefensive.MinimaxOffensiveAgent object at 0x101250ad0>, <MinimaxV2.DefensiveReflexAgent object at 0x101250590>, <Minimax_NewDefensive.DefensiveReflexAgent object at 0x101250c20>], 'layouts': [<layout.Layout object at 0x101250ec0>, <layout.Layout object at 0x10122de50>, <layout.Layout object at 0x10122e5d0>, <layout.Layout object at 0x1011bba80>, <layout.Layout object at 0x1011bbbb0>, <layout.Layout object at 0x1011e95b0>, <layout.Layout object at 0x101241f20>, <layout.Layout object at 0x101242140>, <layout.Layout object at 0x1011eea50>, <layout.Layout object at 0x1011eed50>, <layout.Layout object at 0x1011cf7a0>, <layout.Layout object at 0x1011cf890>, <layout.Layout object at 0x1011ca430>, <layout.Layout object at 0x1011ca510>, <layout.Layout object at 0x1011bef70>, <layout.Layout object at 0x10136e750>, <layout.Layout object at 0x101381c10>, <layout.Layout object at 0x1012573e0>, <layout.Layout object at 0x101257490>, <layout.Layout object at 0x101257540>, <layout.Layout object at 0x1012575f0>, <layout.Layout object at 0x1012576a0>, <layout.Layout object at 0x101257750>, <layout.Layout object at 0x101255440>, <layout.Layout object at 0x101255230>, <layout.Layout object at 0x101257800>, <layout.Layout object at 0x1012578b0>, <layout.Layout object at 0x101257960>, <layout.Layout object at 0x101257a10>, <layout.Layout object at 0x101257ac0>, <layout.Layout object at 0x101257b70>, <layout.Layout object at 0x101257c20>, <layout.Layout object at 0x101257cd0>, <layout.Layout object at 0x101257d80>, <layout.Layout object at 0x101257e30>, <layout.Layout object at 0x101257ee0>, <layout.Layout object at 0x1013c4050>, <layout.Layout object at 0x1013c4100>, <layout.Layout object at 0x1013c41b0>, <layout.Layout object at 0x1013c4260>, <layout.Layout object at 0x1013c4310>, <layout.Layout object at 0x1013c43c0>, <layout.Layout object at 0x1013c4470>, <layout.Layout object at 0x1013c4520>, <layout.Layout object at 0x1013c45d0>, <layout.Layout object at 0x1013c4680>, <layout.Layout object at 0x1013c4730>, <layout.Layout object at 0x1013c47e0>, <layout.Layout object at 0x1013c4890>, <layout.Layout object at 0x1013c4940>, <layout.Layout object at 0x1013c49f0>, <layout.Layout object at 0x1013c4aa0>, <layout.Layout object at 0x1013c4b50>, <layout.Layout object at 0x1013c4c00>, <layout.Layout object at 0x1013c4cb0>, <layout.Layout object at 0x1013c4d60>, <layout.Layout object at 0x1013c4e10>, <layout.Layout object at 0x1013c4ec0>, <layout.Layout object at 0x1013c4f70>, <layout.Layout object at 0x1013c5020>, <layout.Layout object at 0x1013c50d0>, <layout.Layout object at 0x1013c5180>, <layout.Layout object at 0x1013c5230>, <layout.Layout object at 0x1013c52e0>, <layout.Layout object at 0x1013c5390>, <layout.Layout object at 0x1013c5440>, <layout.Layout object at 0x1013c54f0>, <layout.Layout object at 0x1013c55a0>, <layout.Layout object at 0x1013c5650>, <layout.Layout object at 0x1013c5700>], 'length': 1200, 'num_games': 70, 'num_training': 0, 'record': True, 'catch_exceptions': True, 'delay_step': 0.0, 'match_id': 0, 'contest_name': 'Minimax_NewDefence-vs-MinimaxV2'}
Blue team starts
Time is up.
The Red team wins by 9 points.
recorded
Blue team starts
Time is up.
The Red team wins by 3 points.
recorded
Blue team starts
Time is up.
The Blue team wins by 8 points.
recorded
Blue team starts
Time is up.
The Blue team wins by 12 points.
recorded
Red team starts
Time is up.
The Blue team wins by 6 points.
recorded
Red team starts
Time is up.
The Red team wins by 18 points.
recorded
Red team starts
Time is up.
The Blue team wins by 20 points.
recorded
Red team starts
Time is up.
The Red team wins by 4 points.
recorded
Red team starts
Time is up.
The Blue team wins by 6 points.
recorded
Blue team starts
Time is up.
The Blue team wins by 18 points.
recorded
Blue team starts
Time is up.
The Red team wins by 17 points.
recorded
Red team starts
The Blue team has returned at least 28.0 of the opponents' dots.
recorded
Red team starts
Time is up.
Tie game!
recorded
Red team starts
Time is up.
The Blue team wins by 4 points.
recorded
Red team starts
Agent 0 took too long to make a move! This is warning 1
Time is up.
The Blue team wins by 7 points.
recorded
Blue team starts
Time is up.
The Red team wins by 15 points.
recorded
Red team starts
Time is up.
The Red team wins by 16 points.
recorded
Red team starts
Time is up.
The Blue team wins by 23 points.
recorded
Blue team starts
Time is up.
The Red team wins by 14 points.
recorded
Red team starts
Time is up.
The Blue team wins by 13 points.
recorded
Blue team starts
Time is up.
The Blue team wins by 3 points.
recorded
Red team starts
Time is up.
Tie game!
recorded
Red team starts
Time is up.
The Red team wins by 17 points.
recorded
Blue team starts
Time is up.
The Blue team wins by 6 points.
recorded
Blue team starts
Time is up.
The Blue team wins by 14 points.
recorded
Blue team starts
Agent 0 took too long to make a move! This is warning 1
Time is up.
The Blue team wins by 1 points.
recorded
Red team starts
Time is up.
The Blue team wins by 16 points.
recorded
Blue team starts
Time is up.
The Red team wins by 4 points.
recorded
Blue team starts
Time is up.
The Blue team wins by 25 points.
recorded
Blue team starts
Time is up.
The Blue team wins by 16 points.
recorded
Blue team starts
Time is up.
The Red team wins by 13 points.
recorded
Blue team starts
Time is up.
Tie game!
recorded
Red team starts
Time is up.
Tie game!
recorded
Blue team starts
Time is up.
The Red team wins by 13 points.
recorded
Red team starts
The Blue team has returned at least 28.0 of the opponents' dots.
recorded
Red team starts
Agent 0 took too long to make a move! This is warning 1
Agent 0 took too long to make a move! This is warning 2
Agent 0 took too long to make a move! This is warning 3
Agent 0 exceeded the maximum number of warnings: 3
Red agent crashed
recorded
Red team starts
Time is up.
The Blue team wins by 8 points.
recorded
Red team starts
Agent 0 took too long to make a move! This is warning 1
Time is up.
The Blue team wins by 5 points.
recorded
Blue team starts
Time is up.
The Blue team wins by 18 points.
recorded
Blue team starts
Time is up.
The Blue team wins by 4 points.
recorded
Red team starts
Agent 0 took too long to make a move! This is warning 1
Time is up.
The Blue team wins by 21 points.
recorded
Red team starts
Time is up.
Tie game!
recorded
Blue team starts
Time is up.
The Red team wins by 6 points.
recorded
Blue team starts
Time is up.
The Red team wins by 18 points.
recorded
Red team starts
Time is up.
The Red team wins by 1 points.
recorded
Blue team starts
Time is up.
The Red team wins by 1 points.
recorded
Red team starts
Time is up.
The Red team wins by 1 points.
recorded
Red team starts
Time is up.
The Red team wins by 15 points.
recorded
Red team starts
Time is up.
The Red team wins by 9 points.
recorded
Blue team starts
Time is up.
Tie game!
recorded
Blue team starts
Time is up.
The Red team wins by 5 points.
recorded
Red team starts
Time is up.
The Red team wins by 5 points.
recorded
Blue team starts
Time is up.
The Blue team wins by 7 points.
recorded
Red team starts
Time is up.
The Blue team wins by 3 points.
recorded
Blue team starts
Time is up.
Tie game!
recorded
Blue team starts
Time is up.
The Red team wins by 5 points.
recorded
Blue team starts
Time is up.
The Blue team wins by 8 points.
recorded
Red team starts
Time is up.
The Red team wins by 2 points.
recorded
Red team starts
Time is up.
The Red team wins by 3 points.
recorded
Red team starts
Time is up.
The Blue team wins by 2 points.
recorded
Red team starts
Time is up.
The Blue team wins by 5 points.
recorded
Blue team starts
Time is up.
The Red team wins by 20 points.
recorded
Blue team starts
Time is up.
The Red team wins by 12 points.
recorded
Blue team starts
Time is up.
The Red team wins by 12 points.
recorded
Blue team starts
Time is up.
The Blue team wins by 14 points.
recorded
Blue team starts
Time is up.
The Blue team wins by 6 points.
recorded
Red team starts
Agent 0 took too long to make a move! This is warning 1
Time is up.
The Red team wins by 20 points.
recorded
Blue team starts
Time is up.
The Red team wins by 11 points.
recorded
Blue team starts
The Red team has returned at least 28.0 of the opponents' dots.
recorded
Red team starts
Time is up.
The Red team wins by 6 points.
recorded
Average Score: -0.2
Scores:        9, 3, -8, -12, -6, 18, -20, 4, -6, -18, 17, -12, 0, -4, -7, 15, 16, -23, 14, -13, -3, 0, 17, -6, -14, -1, -16, 4, -25, -16, 13, 0, 0, 13, -13, -1, -8, -5, -18, -4, -21, 0, 6, 18, 1, 1, 1, 15, 9, 0, 5, 5, -7, -3, 0, 5, -8, 2, 3, -2, -5, 20, 12, 12, -14, -6, 20, 11, 16, 6
Red Win Rate:  31/70 (0.44)
Blue Win Rate: 32/70 (0.46)
Record:        Red, Red, Blue, Blue, Blue, Red, Blue, Red, Blue, Blue, Red, Blue, Tie, Blue, Blue, Red, Red, Blue, Red, Blue, Blue, Tie, Red, Blue, Blue, Blue, Blue, Red, Blue, Blue, Red, Tie, Tie, Red, Blue, Blue, Blue, Blue, Blue, Blue, Blue, Tie, Red, Red, Red, Red, Red, Red, Red, Tie, Red, Red, Blue, Blue, Tie, Red, Blue, Red, Red, Blue, Blue, Red, Red, Red, Blue, Blue, Red, Red, Red, Red

Total Time Game: 1101.0
Red, Blue, Red, Blue, Red

Total Time Game: 1131.0
 Blue, Blue, Red, Tie, Red, Blue, Tie, Blue, Tie, Blue, Blue, Blue, Blue, Tie, Blue, Blue, Red, Tie, Tie, Tie, Blue, Blue, Blue, Blue, Red, Blue, Blue, Red, Blue, Blue, Red, Blue, Red, Red, Blue, Tie, Blue, Tie, Blue, Tie, Blue, Red, Tie, Red, Red, Blue, Red, Red, Blue, Blue, Blue, Red, Blue, Blue, Blue, Blue, Blue, Red, Red, Blue, Blue, Blue

Total Time Game: 1041.0
